#
# There is insufficient memory for the Java Runtime Environment to continue.
# Native memory allocation (malloc) failed to allocate 1551376 bytes. Error detail: Chunk::new
# Possible reasons:
#   The system is out of physical RAM or swap space
#   This process is running with CompressedOops enabled, and the Java Heap may be blocking the growth of the native heap
# Possible solutions:
#   Reduce memory load on the system
#   Increase physical memory or swap space
#   Check if swap backing store is full
#   Decrease Java heap size (-Xmx/-Xms)
#   Decrease number of Java threads
#   Decrease Java thread stack sizes (-Xss)
#   Set larger code cache with -XX:ReservedCodeCacheSize=
#   JVM is running with Unscaled Compressed Oops mode in which the Java heap is
#     placed in the first 4GB address space. The Java Heap base address is the
#     maximum limit for the native heap growth. Please use -XX:HeapBaseMinAddress
#     to set the Java Heap base and to place the Java Heap above 4GB virtual address.
# This output file may be truncated or incomplete.
#
#  Out of Memory Error (arena.cpp:168), pid=24856, tid=24516
#
# JRE version: OpenJDK Runtime Environment Temurin-21.0.10+7 (21.0.10+7) (build 21.0.10+7-LTS)
# Java VM: OpenJDK 64-Bit Server VM Temurin-21.0.10+7 (21.0.10+7-LTS, mixed mode, sharing, tiered, compressed oops, compressed class ptrs, parallel gc, windows-amd64)
# No core dump will be written. Minidumps are not enabled by default on client versions of Windows
#

---------------  S U M M A R Y ------------

Command Line: --add-modules=ALL-SYSTEM --add-opens=java.base/java.util=ALL-UNNAMED --add-opens=java.base/java.lang=ALL-UNNAMED --add-opens=java.base/sun.nio.fs=ALL-UNNAMED -Declipse.application=org.eclipse.jdt.ls.core.id1 -Dosgi.bundles.defaultStartLevel=4 -Declipse.product=org.eclipse.jdt.ls.core.product -Djava.import.generatesMetadataFilesAtProjectRoot=false -DDetectVMInstallationsJob.disabled=true -Dfile.encoding=utf8 -XX:+UseParallelGC -XX:GCTimeRatio=4 -XX:AdaptiveSizePolicyWeight=90 -Dsun.zip.disableMemoryMapping=true -Xmx2G -Xms100m -Xlog:disable -javaagent:c:\Users\Dell\.vscode\extensions\redhat.java-1.53.0-win32-x64\lombok\lombok-1.18.39-4050.jar -XX:+HeapDumpOnOutOfMemoryError -XX:HeapDumpPath=c:\Users\Dell\AppData\Roaming\Code\User\workspaceStorage\4dd5fbf2fe62070c68fdf6db2ffd8257\redhat.java -Daether.dependencyCollector.impl=bf c:\Users\Dell\.vscode\extensions\redhat.java-1.53.0-win32-x64\server\plugins\org.eclipse.equinox.launcher_1.7.100.v20251111-0406.jar -configuration c:\Users\Dell\AppData\Roaming\Code\User\globalStorage\redhat.java\1.53.0\config_win -data c:\Users\Dell\AppData\Roaming\Code\User\workspaceStorage\4dd5fbf2fe62070c68fdf6db2ffd8257\redhat.java\jdt_ws --pipe=\\.\pipe\lsp-ba77e71c0ee45ffd5276dd4f6cb1fdce-sock

Host: 11th Gen Intel(R) Core(TM) i5-11320H @ 3.20GHz, 8 cores, 7G,  Windows 11 , 64 bit Build 26100 (10.0.26100.7920)
Time: Thu Mar 19 11:26:05 2026 SE Asia Standard Time elapsed time: 31.700222 seconds (0d 0h 0m 31s)

---------------  T H R E A D  ---------------

Current thread (0x00000278fa761580):  JavaThread "C2 CompilerThread1" daemon [_thread_in_native, id=24516, stack(0x000000beb9b00000,0x000000beb9c00000) (1024K)]


Current CompileTask:
C2:31700 7157   !   4       java.nio.file.FileTreeWalker::next (144 bytes)

Stack: [0x000000beb9b00000,0x000000beb9c00000]
Native frames: (J=compiled Java code, j=interpreted, Vv=VM code, C=native code)
V  [jvm.dll+0x6d7a39]
V  [jvm.dll+0x8b4b26]
V  [jvm.dll+0x8b70de]
V  [jvm.dll+0x8b77c3]
V  [jvm.dll+0x284346]
V  [jvm.dll+0xc66ed]
V  [jvm.dll+0xc6c31]
V  [jvm.dll+0x3bec01]
V  [jvm.dll+0x38b162]
V  [jvm.dll+0x38a5aa]
V  [jvm.dll+0x24c560]
V  [jvm.dll+0x24bb40]
V  [jvm.dll+0x1cb34e]
V  [jvm.dll+0x25b85d]
V  [jvm.dll+0x259dea]
V  [jvm.dll+0x3f857e]
V  [jvm.dll+0x85f59d]
V  [jvm.dll+0x6d626d]
C  [ucrtbase.dll+0x37b0]
C  [KERNEL32.DLL+0x2e8d7]
C  [ntdll.dll+0x8c48c]


---------------  P R O C E S S  ---------------

Threads class SMR info:
_java_thread_list=0x00000278fbd3ad50, length=45, elements={
0x00000278dc5fe480, 0x00000278dc56f5e0, 0x00000278dc571420, 0x00000278dc5754b0,
0x00000278dc5773f0, 0x00000278dc577a80, 0x00000278dc57a1e0, 0x00000278dc57e3c0,
0x00000278dc5ae370, 0x00000278dc5787a0, 0x00000278dc5794c0, 0x00000278dc578e30,
0x00000278dc579b50, 0x00000278dc57a870, 0x00000278dc578110, 0x00000278f9aba270,
0x00000278f9abc9d0, 0x00000278f9abd060, 0x00000278f9ab9be0, 0x00000278f9abbcb0,
0x00000278f9abdd80, 0x00000278fa761580, 0x00000278f9abaf90, 0x00000278f9abd6f0,
0x00000278f9aba900, 0x00000278f9abe410, 0x00000278f9abeaa0, 0x00000278f9abb620,
0x00000278f9abf130, 0x00000278f9abf7c0, 0x00000278f9abc340, 0x00000278f9abfe50,
0x00000278f9ac1200, 0x00000278f9ac04e0, 0x00000278f9ac0b70, 0x00000278f9f64d80,
0x00000278f9f674e0, 0x00000278f9f64060, 0x00000278f9f67b70, 0x00000278f9f65aa0,
0x00000278f9f65410, 0x00000278f9f66e50, 0x00000278f9f66130, 0x00000278f9f667c0,
0x00000278f9f646f0
}

Java Threads: ( => current thread )
  0x00000278dc5fe480 JavaThread "main"                              [_thread_blocked, id=8260, stack(0x000000beb7c00000,0x000000beb7d00000) (1024K)]
  0x00000278dc56f5e0 JavaThread "Reference Handler"          daemon [_thread_blocked, id=23476, stack(0x000000beb8000000,0x000000beb8100000) (1024K)]
  0x00000278dc571420 JavaThread "Finalizer"                  daemon [_thread_blocked, id=22396, stack(0x000000beb8100000,0x000000beb8200000) (1024K)]
  0x00000278dc5754b0 JavaThread "Signal Dispatcher"          daemon [_thread_blocked, id=9836, stack(0x000000beb8200000,0x000000beb8300000) (1024K)]
  0x00000278dc5773f0 JavaThread "Attach Listener"            daemon [_thread_blocked, id=23712, stack(0x000000beb8300000,0x000000beb8400000) (1024K)]
  0x00000278dc577a80 JavaThread "Service Thread"             daemon [_thread_blocked, id=6636, stack(0x000000beb8400000,0x000000beb8500000) (1024K)]
  0x00000278dc57a1e0 JavaThread "Monitor Deflation Thread"   daemon [_thread_blocked, id=13212, stack(0x000000beb8500000,0x000000beb8600000) (1024K)]
  0x00000278dc57e3c0 JavaThread "C2 CompilerThread0"         daemon [_thread_blocked, id=17252, stack(0x000000beb8600000,0x000000beb8700000) (1024K)]
  0x00000278dc5ae370 JavaThread "C1 CompilerThread0"         daemon [_thread_blocked, id=22412, stack(0x000000beb8700000,0x000000beb8800000) (1024K)]
  0x00000278dc5787a0 JavaThread "Common-Cleaner"             daemon [_thread_blocked, id=17396, stack(0x000000beb8800000,0x000000beb8900000) (1024K)]
  0x00000278dc5794c0 JavaThread "Notification Thread"        daemon [_thread_blocked, id=5348, stack(0x000000beb8900000,0x000000beb8a00000) (1024K)]
  0x00000278dc578e30 JavaThread "Active Thread: Equinox Container: c7e6374a-7fb4-4928-a6fa-7e3c62cb8559"        [_thread_blocked, id=8428, stack(0x000000beb9000000,0x000000beb9100000) (1024K)]
  0x00000278dc579b50 JavaThread "Refresh Thread: Equinox Container: c7e6374a-7fb4-4928-a6fa-7e3c62cb8559" daemon [_thread_blocked, id=17540, stack(0x000000beb9200000,0x000000beb9300000) (1024K)]
  0x00000278dc57a870 JavaThread "Framework Event Dispatcher: Equinox Container: c7e6374a-7fb4-4928-a6fa-7e3c62cb8559" daemon [_thread_blocked, id=15280, stack(0x000000beb9300000,0x000000beb9400000) (1024K)]
  0x00000278dc578110 JavaThread "Start Level: Equinox Container: c7e6374a-7fb4-4928-a6fa-7e3c62cb8559" daemon [_thread_blocked, id=23644, stack(0x000000beb9500000,0x000000beb9600000) (1024K)]
  0x00000278f9aba270 JavaThread "Bundle File Closer"         daemon [_thread_blocked, id=24904, stack(0x000000beb9600000,0x000000beb9700000) (1024K)]
  0x00000278f9abc9d0 JavaThread "SCR Component Actor"        daemon [_thread_blocked, id=12404, stack(0x000000beb9400000,0x000000beb9500000) (1024K)]
  0x00000278f9abd060 JavaThread "Worker-JM"                         [_thread_blocked, id=20396, stack(0x000000beb9900000,0x000000beb9a00000) (1024K)]
  0x00000278f9ab9be0 JavaThread "JNA Cleaner"                daemon [_thread_blocked, id=16548, stack(0x000000beb9700000,0x000000beb9800000) (1024K)]
  0x00000278f9abbcb0 JavaThread "Worker-0"                          [_thread_blocked, id=21148, stack(0x000000beb9800000,0x000000beb9900000) (1024K)]
  0x00000278f9abdd80 JavaThread "Worker-1"                          [_thread_blocked, id=24148, stack(0x000000beb9a00000,0x000000beb9b00000) (1024K)]
=>0x00000278fa761580 JavaThread "C2 CompilerThread1"         daemon [_thread_in_native, id=24516, stack(0x000000beb9b00000,0x000000beb9c00000) (1024K)]
  0x00000278f9abaf90 JavaThread "Java indexing"              daemon [_thread_blocked, id=25448, stack(0x000000beb9c00000,0x000000beb9d00000) (1024K)]
  0x00000278f9abd6f0 JavaThread "Worker-2"                          [_thread_blocked, id=5704, stack(0x000000beb9f00000,0x000000beba000000) (1024K)]
  0x00000278f9aba900 JavaThread "Worker-3"                          [_thread_blocked, id=8420, stack(0x000000beba000000,0x000000beba100000) (1024K)]
  0x00000278f9abe410 JavaThread "Worker-4: Initialize workspace"        [_thread_in_Java, id=4608, stack(0x000000beba100000,0x000000beba200000) (1024K)]
  0x00000278f9abeaa0 JavaThread "Thread-1"                   daemon [_thread_in_native, id=9624, stack(0x000000beba200000,0x000000beba300000) (1024K)]
  0x00000278f9abb620 JavaThread "Thread-2"                   daemon [_thread_in_native, id=800, stack(0x000000beba300000,0x000000beba400000) (1024K)]
  0x00000278f9abf130 JavaThread "Thread-3"                   daemon [_thread_in_native, id=9076, stack(0x000000beba400000,0x000000beba500000) (1024K)]
  0x00000278f9abf7c0 JavaThread "Thread-4"                   daemon [_thread_in_native, id=17036, stack(0x000000beba500000,0x000000beba600000) (1024K)]
  0x00000278f9abc340 JavaThread "Thread-5"                   daemon [_thread_in_native, id=13328, stack(0x000000beba600000,0x000000beba700000) (1024K)]
  0x00000278f9abfe50 JavaThread "Thread-6"                   daemon [_thread_in_native, id=3668, stack(0x000000beba700000,0x000000beba800000) (1024K)]
  0x00000278f9ac1200 JavaThread "Thread-7"                   daemon [_thread_in_native, id=7936, stack(0x000000beba800000,0x000000beba900000) (1024K)]
  0x00000278f9ac04e0 JavaThread "Thread-8"                   daemon [_thread_in_native, id=10940, stack(0x000000beba900000,0x000000bebaa00000) (1024K)]
  0x00000278f9ac0b70 JavaThread "Thread-9"                   daemon [_thread_in_native, id=25076, stack(0x000000bebaa00000,0x000000bebab00000) (1024K)]
  0x00000278f9f64d80 JavaThread "pool-2-thread-1"                   [_thread_blocked, id=1676, stack(0x000000bebab00000,0x000000bebac00000) (1024K)]
  0x00000278f9f674e0 JavaThread "WorkspaceEventsHandler"            [_thread_blocked, id=19668, stack(0x000000bebac00000,0x000000bebad00000) (1024K)]
  0x00000278f9f64060 JavaThread "pool-1-thread-1"                   [_thread_blocked, id=12096, stack(0x000000bebad00000,0x000000bebae00000) (1024K)]
  0x00000278f9f67b70 JavaThread "ForkJoinPool.commonPool-worker-1" daemon [_thread_blocked, id=25024, stack(0x000000bebae00000,0x000000bebaf00000) (1024K)]
  0x00000278f9f65aa0 JavaThread "ForkJoinPool.commonPool-worker-2" daemon [_thread_blocked, id=7632, stack(0x000000bebaf00000,0x000000bebb000000) (1024K)]
  0x00000278f9f65410 JavaThread "ForkJoinPool.commonPool-worker-3" daemon [_thread_blocked, id=21632, stack(0x000000bebb000000,0x000000bebb100000) (1024K)]
  0x00000278f9f66e50 JavaThread "ForkJoinPool.commonPool-worker-4" daemon [_thread_blocked, id=15936, stack(0x000000bebb100000,0x000000bebb200000) (1024K)]
  0x00000278f9f66130 JavaThread "ForkJoinPool.commonPool-worker-5" daemon [_thread_blocked, id=18168, stack(0x000000bebb200000,0x000000bebb300000) (1024K)]
  0x00000278f9f667c0 JavaThread "ForkJoinPool.commonPool-worker-6" daemon [_thread_blocked, id=15536, stack(0x000000bebb300000,0x000000bebb400000) (1024K)]
  0x00000278f9f646f0 JavaThread "ForkJoinPool.commonPool-worker-7" daemon [_thread_blocked, id=20792, stack(0x000000bebb400000,0x000000bebb500000) (1024K)]
Total: 45

Other Threads:
  0x00000278dc6beb60 VMThread "VM Thread"                           [id=5096, stack(0x000000beb7f00000,0x000000beb8000000) (1024K)]
  0x00000278dc66ba60 WatcherThread "VM Periodic Task Thread"        [id=9412, stack(0x000000beb7e00000,0x000000beb7f00000) (1024K)]
  0x00000278dc61dcb0 WorkerThread "GC Thread#0"                     [id=11156, stack(0x000000beb7d00000,0x000000beb7e00000) (1024K)]
  0x00000278f928ce80 WorkerThread "GC Thread#1"                     [id=17308, stack(0x000000beb8a00000,0x000000beb8b00000) (1024K)]
  0x00000278f93dbed0 WorkerThread "GC Thread#2"                     [id=17472, stack(0x000000beb8b00000,0x000000beb8c00000) (1024K)]
  0x00000278f93dc280 WorkerThread "GC Thread#3"                     [id=25432, stack(0x000000beb8c00000,0x000000beb8d00000) (1024K)]
  0x00000278f93dc630 WorkerThread "GC Thread#4"                     [id=16740, stack(0x000000beb8d00000,0x000000beb8e00000) (1024K)]
  0x00000278f93dc9e0 WorkerThread "GC Thread#5"                     [id=21948, stack(0x000000beb8e00000,0x000000beb8f00000) (1024K)]
  0x00000278f93dcd90 WorkerThread "GC Thread#6"                     [id=20652, stack(0x000000beb8f00000,0x000000beb9000000) (1024K)]
  0x00000278f9631540 WorkerThread "GC Thread#7"                     [id=22596, stack(0x000000beb9100000,0x000000beb9200000) (1024K)]
Total: 10

Threads with active compile tasks:
C2 CompilerThread0  31715 7223       4       jdk.internal.jimage.ImageLocation::getFullName (109 bytes)
C1 CompilerThread0  31715 7271   !   3       org.eclipse.jdt.internal.core.util.DeduplicationUtil::intern (149 bytes)
C2 CompilerThread1  31715 7157   !   4       java.nio.file.FileTreeWalker::next (144 bytes)
Total: 3

VM state: not at safepoint (normal execution)

VM Mutex/Monitor currently owned by a thread: None

Heap address: 0x0000000080000000, size: 2048 MB, Compressed Oops mode: 32-bit

CDS archive(s) mapped at: [0x0000027880000000-0x0000027880ba0000-0x0000027880ba0000), size 12189696, SharedBaseAddress: 0x0000027880000000, ArchiveRelocationMode: 1.
Compressed class space mapped at: 0x0000027881000000-0x00000278c1000000, reserved size: 1073741824
Narrow klass base: 0x0000027880000000, Narrow klass shift: 0, Narrow klass range: 0x100000000

GC Precious Log:
 CardTable entry size: 512
 CPUs: 8 total, 8 available
 Memory: 7930M
 Large Page Support: Disabled
 NUMA Support: Disabled
 Compressed Oops: Enabled (32-bit)
 Alignments: Space 512K, Generation 512K, Heap 2M
 Heap Min Capacity: 100M
 Heap Initial Capacity: 100M
 Heap Max Capacity: 2G
 Pre-touch: Disabled
 Parallel Workers: 8

Heap:
 PSYoungGen      total 17408K, used 7370K [0x00000000d5580000, 0x00000000d6980000, 0x0000000100000000)
  eden space 15872K, 37% used [0x00000000d5580000,0x00000000d5b42a90,0x00000000d6500000)
  from space 1536K, 95% used [0x00000000d6800000,0x00000000d6970010,0x00000000d6980000)
  to   space 2048K, 0% used [0x00000000d6580000,0x00000000d6580000,0x00000000d6780000)
 ParOldGen       total 68608K, used 38917K [0x0000000080000000, 0x0000000084300000, 0x00000000d5580000)
  object space 68608K, 56% used [0x0000000080000000,0x0000000082601708,0x0000000084300000)
 Metaspace       used 49091K, committed 50496K, reserved 1114112K
  class space    used 5329K, committed 5952K, reserved 1048576K

Card table byte_map: [0x00000278dbfa0000,0x00000278dc3b0000] _byte_map_base: 0x00000278dbba0000

Marking Bits: (ParMarkBitMap*) 0x00007ffa3e463450
 Begin Bits: [0x00000278eeab0000, 0x00000278f0ab0000)
 End Bits:   [0x00000278f0ab0000, 0x00000278f2ab0000)

Polling page: 0x00000278da410000

Metaspace:

Usage:
  Non-class:     42.74 MB used.
      Class:      5.20 MB used.
       Both:     47.94 MB used.

Virtual space:
  Non-class space:       64.00 MB reserved,      43.50 MB ( 68%) committed,  1 nodes.
      Class space:        1.00 GB reserved,       5.81 MB ( <1%) committed,  1 nodes.
             Both:        1.06 GB reserved,      49.31 MB (  5%) committed. 

Chunk freelists:
   Non-Class:  4.27 MB
       Class:  10.05 MB
        Both:  14.31 MB

MaxMetaspaceSize: unlimited
CompressedClassSpaceSize: 1.00 GB
Initial GC threshold: 21.00 MB
Current GC threshold: 58.38 MB
CDS: on
 - commit_granule_bytes: 65536.
 - commit_granule_words: 8192.
 - virtual_space_node_default_size: 8388608.
 - enlarge_chunks_in_place: 1.
 - use_allocation_guard: 0.


Internal statistics:

num_allocs_failed_limit: 6.
num_arena_births: 1020.
num_arena_deaths: 14.
num_vsnodes_births: 2.
num_vsnodes_deaths: 0.
num_space_committed: 789.
num_space_uncommitted: 0.
num_chunks_returned_to_freelist: 20.
num_chunks_taken_from_freelist: 3280.
num_chunk_merges: 8.
num_chunk_splits: 2019.
num_chunks_enlarged: 1124.
num_inconsistent_stats: 0.

CodeHeap 'non-profiled nmethods': size=120000Kb used=3274Kb max_used=3274Kb free=116725Kb
 bounds [0x00000278e72d0000, 0x00000278e7610000, 0x00000278ee800000]
CodeHeap 'profiled nmethods': size=120000Kb used=13909Kb max_used=13909Kb free=106090Kb
 bounds [0x00000278df800000, 0x00000278e05a0000, 0x00000278e6d30000]
CodeHeap 'non-nmethods': size=5760Kb used=1416Kb max_used=1438Kb free=4344Kb
 bounds [0x00000278e6d30000, 0x00000278e6fa0000, 0x00000278e72d0000]
CodeCache: size=245760Kb, used=18599Kb, max_used=18621Kb, free=227159Kb
 total_blobs=7352, nmethods=6676, adapters=580, full_count=0
Compilation: enabled, stopped_count=0, restarted_count=0

Compilation events (20 events):
Event: 30.692 Thread 0x00000278dc5ae370 nmethod 7253 0x00000278e0589d90 code [0x00000278e0589fa0, 0x00000278e058a620]
Event: 30.692 Thread 0x00000278dc5ae370 7254   !   3       java.nio.file.FileTreeWalker::pop (35 bytes)
Event: 30.693 Thread 0x00000278dc5ae370 nmethod 7254 0x00000278e058a910 code [0x00000278e058ab20, 0x00000278e058b148]
Event: 30.694 Thread 0x00000278dc5ae370 7255       3       org.eclipse.jdt.internal.core.util.WeakHashSet::cleanupGarbageCollectedValues (144 bytes)
Event: 30.694 Thread 0x00000278dc5ae370 nmethod 7255 0x00000278e058b390 code [0x00000278e058b5a0, 0x00000278e058be80]
Event: 30.694 Thread 0x00000278dc5ae370 7256       3       org.eclipse.jdt.internal.core.util.WeakHashSet::add (105 bytes)
Event: 30.695 Thread 0x00000278dc5ae370 nmethod 7256 0x00000278e058c190 code [0x00000278e058c3e0, 0x00000278e058ce78]
Event: 30.695 Thread 0x00000278dc5ae370 7258       3       org.eclipse.jdt.internal.core.util.WeakHashSet::addValue (99 bytes)
Event: 30.696 Thread 0x00000278dc5ae370 nmethod 7258 0x00000278e058d210 code [0x00000278e058d420, 0x00000278e058db28]
Event: 30.696 Thread 0x00000278dc5ae370 7261       3       org.eclipse.jdt.internal.core.util.WeakHashSet$HashableWeakReference::<init> (15 bytes)
Event: 30.696 Thread 0x00000278dc5ae370 nmethod 7261 0x00000278e058dd90 code [0x00000278e058df60, 0x00000278e058e2e0]
Event: 30.696 Thread 0x00000278dc5ae370 7263       2       java.util.ArrayList::equalsRange (85 bytes)
Event: 30.696 Thread 0x00000278dc5ae370 nmethod 7263 0x00000278e058e490 code [0x00000278e058e6a0, 0x00000278e058eab0]
Event: 30.696 Thread 0x00000278dc5ae370 7259       3       java.util.ImmutableCollections$AbstractImmutableList::iterator (13 bytes)
Event: 30.697 Thread 0x00000278dc5ae370 nmethod 7259 0x00000278e058ed10 code [0x00000278e058eee0, 0x00000278e058f210]
Event: 30.697 Thread 0x00000278dc5ae370 7264       3       java.util.ImmutableCollections$AbstractImmutableList::hashCode (36 bytes)
Event: 30.697 Thread 0x00000278dc5ae370 nmethod 7264 0x00000278e058f310 code [0x00000278e058f500, 0x00000278e058f9e0]
Event: 30.697 Thread 0x00000278dc5ae370 7260       3       java.util.ImmutableCollections$ListItr::<init> (25 bytes)
Event: 30.697 Thread 0x00000278dc5ae370 nmethod 7260 0x00000278e058fb90 code [0x00000278e058fd40, 0x00000278e058fed0]
Event: 30.697 Thread 0x00000278dc5ae370 7257   !   3       java.util.ImmutableCollections$ListItr::next (34 bytes)

GC Heap History (20 events):
Event: 27.168 GC heap before
{Heap before GC invocations=19 (full 2):
 PSYoungGen      total 17408K, used 17386K [0x00000000d5580000, 0x00000000d7d00000, 0x0000000100000000)
  eden space 15872K, 100% used [0x00000000d5580000,0x00000000d6500000,0x00000000d6500000)
  from space 1536K, 98% used [0x00000000d6e00000,0x00000000d6f7a930,0x00000000d6f80000)
  to   space 9216K, 0% used [0x00000000d6500000,0x00000000d6500000,0x00000000d6e00000)
 ParOldGen       total 68608K, used 27883K [0x0000000080000000, 0x0000000084300000, 0x00000000d5580000)
  object space 68608K, 40% used [0x0000000080000000,0x0000000081b3ae60,0x0000000084300000)
 Metaspace       used 40748K, committed 41920K, reserved 1114112K
  class space    used 4356K, committed 4864K, reserved 1048576K
}
Event: 27.171 GC heap after
{Heap after GC invocations=19 (full 2):
 PSYoungGen      total 19968K, used 3794K [0x00000000d5580000, 0x00000000d7000000, 0x0000000100000000)
  eden space 15872K, 0% used [0x00000000d5580000,0x00000000d5580000,0x00000000d6500000)
  from space 4096K, 92% used [0x00000000d6500000,0x00000000d68b48b8,0x00000000d6900000)
  to   space 5632K, 0% used [0x00000000d6a80000,0x00000000d6a80000,0x00000000d7000000)
 ParOldGen       total 68608K, used 29327K [0x0000000080000000, 0x0000000084300000, 0x00000000d5580000)
  object space 68608K, 42% used [0x0000000080000000,0x0000000081ca3d40,0x0000000084300000)
 Metaspace       used 40748K, committed 41920K, reserved 1114112K
  class space    used 4356K, committed 4864K, reserved 1048576K
}
Event: 27.455 GC heap before
{Heap before GC invocations=20 (full 2):
 PSYoungGen      total 19968K, used 19666K [0x00000000d5580000, 0x00000000d7000000, 0x0000000100000000)
  eden space 15872K, 99% used [0x00000000d5580000,0x00000000d64fffc8,0x00000000d6500000)
  from space 4096K, 92% used [0x00000000d6500000,0x00000000d68b48b8,0x00000000d6900000)
  to   space 5632K, 0% used [0x00000000d6a80000,0x00000000d6a80000,0x00000000d7000000)
 ParOldGen       total 68608K, used 29327K [0x0000000080000000, 0x0000000084300000, 0x00000000d5580000)
  object space 68608K, 42% used [0x0000000080000000,0x0000000081ca3d40,0x0000000084300000)
 Metaspace       used 42520K, committed 43776K, reserved 1114112K
  class space    used 4584K, committed 5120K, reserved 1048576K
}
Event: 27.460 GC heap after
{Heap after GC invocations=20 (full 2):
 PSYoungGen      total 16896K, used 800K [0x00000000d5580000, 0x00000000d6b80000, 0x0000000100000000)
  eden space 15872K, 0% used [0x00000000d5580000,0x00000000d5580000,0x00000000d6500000)
  from space 1024K, 78% used [0x00000000d6a80000,0x00000000d6b48000,0x00000000d6b80000)
  to   space 2560K, 0% used [0x00000000d6680000,0x00000000d6680000,0x00000000d6900000)
 ParOldGen       total 68608K, used 33003K [0x0000000080000000, 0x0000000084300000, 0x00000000d5580000)
  object space 68608K, 48% used [0x0000000080000000,0x000000008203aeb0,0x0000000084300000)
 Metaspace       used 42520K, committed 43776K, reserved 1114112K
  class space    used 4584K, committed 5120K, reserved 1048576K
}
Event: 27.829 GC heap before
{Heap before GC invocations=21 (full 2):
 PSYoungGen      total 16896K, used 16672K [0x00000000d5580000, 0x00000000d6b80000, 0x0000000100000000)
  eden space 15872K, 100% used [0x00000000d5580000,0x00000000d6500000,0x00000000d6500000)
  from space 1024K, 78% used [0x00000000d6a80000,0x00000000d6b48000,0x00000000d6b80000)
  to   space 2560K, 0% used [0x00000000d6680000,0x00000000d6680000,0x00000000d6900000)
 ParOldGen       total 68608K, used 33003K [0x0000000080000000, 0x0000000084300000, 0x00000000d5580000)
  object space 68608K, 48% used [0x0000000080000000,0x000000008203aeb0,0x0000000084300000)
 Metaspace       used 44315K, committed 45568K, reserved 1114112K
  class space    used 4834K, committed 5376K, reserved 1048576K
}
Event: 27.831 GC heap after
{Heap after GC invocations=21 (full 2):
 PSYoungGen      total 18432K, used 1184K [0x00000000d5580000, 0x00000000d6b00000, 0x0000000100000000)
  eden space 15872K, 0% used [0x00000000d5580000,0x00000000d5580000,0x00000000d6500000)
  from space 2560K, 46% used [0x00000000d6680000,0x00000000d67a8000,0x00000000d6900000)
  to   space 1536K, 0% used [0x00000000d6980000,0x00000000d6980000,0x00000000d6b00000)
 ParOldGen       total 68608K, used 33698K [0x0000000080000000, 0x0000000084300000, 0x00000000d5580000)
  object space 68608K, 49% used [0x0000000080000000,0x00000000820e8bb0,0x0000000084300000)
 Metaspace       used 44315K, committed 45568K, reserved 1114112K
  class space    used 4834K, committed 5376K, reserved 1048576K
}
Event: 28.036 GC heap before
{Heap before GC invocations=22 (full 2):
 PSYoungGen      total 18432K, used 17056K [0x00000000d5580000, 0x00000000d6b00000, 0x0000000100000000)
  eden space 15872K, 100% used [0x00000000d5580000,0x00000000d6500000,0x00000000d6500000)
  from space 2560K, 46% used [0x00000000d6680000,0x00000000d67a8000,0x00000000d6900000)
  to   space 1536K, 0% used [0x00000000d6980000,0x00000000d6980000,0x00000000d6b00000)
 ParOldGen       total 68608K, used 33698K [0x0000000080000000, 0x0000000084300000, 0x00000000d5580000)
  object space 68608K, 49% used [0x0000000080000000,0x00000000820e8bb0,0x0000000084300000)
 Metaspace       used 45886K, committed 47168K, reserved 1114112K
  class space    used 5026K, committed 5568K, reserved 1048576K
}
Event: 28.038 GC heap after
{Heap after GC invocations=22 (full 2):
 PSYoungGen      total 16896K, used 1024K [0x00000000d5580000, 0x00000000d6a80000, 0x0000000100000000)
  eden space 15872K, 0% used [0x00000000d5580000,0x00000000d5580000,0x00000000d6500000)
  from space 1024K, 100% used [0x00000000d6980000,0x00000000d6a80000,0x00000000d6a80000)
  to   space 1536K, 0% used [0x00000000d6780000,0x00000000d6780000,0x00000000d6900000)
 ParOldGen       total 68608K, used 34734K [0x0000000080000000, 0x0000000084300000, 0x00000000d5580000)
  object space 68608K, 50% used [0x0000000080000000,0x00000000821ebbe0,0x0000000084300000)
 Metaspace       used 45886K, committed 47168K, reserved 1114112K
  class space    used 5026K, committed 5568K, reserved 1048576K
}
Event: 28.505 GC heap before
{Heap before GC invocations=23 (full 2):
 PSYoungGen      total 16896K, used 16896K [0x00000000d5580000, 0x00000000d6a80000, 0x0000000100000000)
  eden space 15872K, 100% used [0x00000000d5580000,0x00000000d6500000,0x00000000d6500000)
  from space 1024K, 100% used [0x00000000d6980000,0x00000000d6a80000,0x00000000d6a80000)
  to   space 1536K, 0% used [0x00000000d6780000,0x00000000d6780000,0x00000000d6900000)
 ParOldGen       total 68608K, used 34734K [0x0000000080000000, 0x0000000084300000, 0x00000000d5580000)
  object space 68608K, 50% used [0x0000000080000000,0x00000000821ebbe0,0x0000000084300000)
 Metaspace       used 46681K, committed 47872K, reserved 1114112K
  class space    used 5095K, committed 5632K, reserved 1048576K
}
Event: 28.507 GC heap after
{Heap after GC invocations=23 (full 2):
 PSYoungGen      total 17408K, used 347K [0x00000000d5580000, 0x00000000d6a00000, 0x0000000100000000)
  eden space 15872K, 0% used [0x00000000d5580000,0x00000000d5580000,0x00000000d6500000)
  from space 1536K, 22% used [0x00000000d6780000,0x00000000d67d6e98,0x00000000d6900000)
  to   space 1024K, 0% used [0x00000000d6900000,0x00000000d6900000,0x00000000d6a00000)
 ParOldGen       total 68608K, used 35552K [0x0000000080000000, 0x0000000084300000, 0x00000000d5580000)
  object space 68608K, 51% used [0x0000000080000000,0x00000000822b82b0,0x0000000084300000)
 Metaspace       used 46681K, committed 47872K, reserved 1114112K
  class space    used 5095K, committed 5632K, reserved 1048576K
}
Event: 28.699 GC heap before
{Heap before GC invocations=24 (full 2):
 PSYoungGen      total 17408K, used 16219K [0x00000000d5580000, 0x00000000d6a00000, 0x0000000100000000)
  eden space 15872K, 100% used [0x00000000d5580000,0x00000000d6500000,0x00000000d6500000)
  from space 1536K, 22% used [0x00000000d6780000,0x00000000d67d6e98,0x00000000d6900000)
  to   space 1024K, 0% used [0x00000000d6900000,0x00000000d6900000,0x00000000d6a00000)
 ParOldGen       total 68608K, used 35552K [0x0000000080000000, 0x0000000084300000, 0x00000000d5580000)
  object space 68608K, 51% used [0x0000000080000000,0x00000000822b82b0,0x0000000084300000)
 Metaspace       used 46742K, committed 47936K, reserved 1114112K
  class space    used 5104K, committed 5632K, reserved 1048576K
}
Event: 28.700 GC heap after
{Heap after GC invocations=24 (full 2):
 PSYoungGen      total 16384K, used 352K [0x00000000d5580000, 0x00000000d6980000, 0x0000000100000000)
  eden space 15872K, 0% used [0x00000000d5580000,0x00000000d5580000,0x00000000d6500000)
  from space 512K, 68% used [0x00000000d6900000,0x00000000d6958000,0x00000000d6980000)
  to   space 512K, 0% used [0x00000000d6880000,0x00000000d6880000,0x00000000d6900000)
 ParOldGen       total 68608K, used 35754K [0x0000000080000000, 0x0000000084300000, 0x00000000d5580000)
  object space 68608K, 52% used [0x0000000080000000,0x00000000822ea910,0x0000000084300000)
 Metaspace       used 46742K, committed 47936K, reserved 1114112K
  class space    used 5104K, committed 5632K, reserved 1048576K
}
Event: 28.950 GC heap before
{Heap before GC invocations=25 (full 2):
 PSYoungGen      total 16384K, used 16224K [0x00000000d5580000, 0x00000000d6980000, 0x0000000100000000)
  eden space 15872K, 100% used [0x00000000d5580000,0x00000000d6500000,0x00000000d6500000)
  from space 512K, 68% used [0x00000000d6900000,0x00000000d6958000,0x00000000d6980000)
  to   space 512K, 0% used [0x00000000d6880000,0x00000000d6880000,0x00000000d6900000)
 ParOldGen       total 68608K, used 35754K [0x0000000080000000, 0x0000000084300000, 0x00000000d5580000)
  object space 68608K, 52% used [0x0000000080000000,0x00000000822ea910,0x0000000084300000)
 Metaspace       used 47196K, committed 48512K, reserved 1114112K
  class space    used 5151K, committed 5696K, reserved 1048576K
}
Event: 28.952 GC heap after
{Heap after GC invocations=25 (full 2):
 PSYoungGen      total 16384K, used 506K [0x00000000d5580000, 0x00000000d6980000, 0x0000000100000000)
  eden space 15872K, 0% used [0x00000000d5580000,0x00000000d5580000,0x00000000d6500000)
  from space 512K, 98% used [0x00000000d6880000,0x00000000d68feaa8,0x00000000d6900000)
  to   space 512K, 0% used [0x00000000d6900000,0x00000000d6900000,0x00000000d6980000)
 ParOldGen       total 68608K, used 36156K [0x0000000080000000, 0x0000000084300000, 0x00000000d5580000)
  object space 68608K, 52% used [0x0000000080000000,0x000000008234f3b8,0x0000000084300000)
 Metaspace       used 47196K, committed 48512K, reserved 1114112K
  class space    used 5151K, committed 5696K, reserved 1048576K
}
Event: 29.436 GC heap before
{Heap before GC invocations=26 (full 2):
 PSYoungGen      total 16384K, used 16378K [0x00000000d5580000, 0x00000000d6980000, 0x0000000100000000)
  eden space 15872K, 100% used [0x00000000d5580000,0x00000000d6500000,0x00000000d6500000)
  from space 512K, 98% used [0x00000000d6880000,0x00000000d68feaa8,0x00000000d6900000)
  to   space 512K, 0% used [0x00000000d6900000,0x00000000d6900000,0x00000000d6980000)
 ParOldGen       total 68608K, used 36156K [0x0000000080000000, 0x0000000084300000, 0x00000000d5580000)
  object space 68608K, 52% used [0x0000000080000000,0x000000008234f3b8,0x0000000084300000)
 Metaspace       used 48785K, committed 50112K, reserved 1114112K
  class space    used 5317K, committed 5888K, reserved 1048576K
}
Event: 29.438 GC heap after
{Heap after GC invocations=26 (full 2):
 PSYoungGen      total 16384K, used 504K [0x00000000d5580000, 0x00000000d6980000, 0x0000000100000000)
  eden space 15872K, 0% used [0x00000000d5580000,0x00000000d5580000,0x00000000d6500000)
  from space 512K, 98% used [0x00000000d6900000,0x00000000d697e1b8,0x00000000d6980000)
  to   space 1536K, 0% used [0x00000000d6680000,0x00000000d6680000,0x00000000d6800000)
 ParOldGen       total 68608K, used 36874K [0x0000000080000000, 0x0000000084300000, 0x00000000d5580000)
  object space 68608K, 53% used [0x0000000080000000,0x00000000824029d0,0x0000000084300000)
 Metaspace       used 48785K, committed 50112K, reserved 1114112K
  class space    used 5317K, committed 5888K, reserved 1048576K
}
Event: 29.585 GC heap before
{Heap before GC invocations=27 (full 2):
 PSYoungGen      total 16384K, used 16376K [0x00000000d5580000, 0x00000000d6980000, 0x0000000100000000)
  eden space 15872K, 100% used [0x00000000d5580000,0x00000000d6500000,0x00000000d6500000)
  from space 512K, 98% used [0x00000000d6900000,0x00000000d697e1b8,0x00000000d6980000)
  to   space 1536K, 0% used [0x00000000d6680000,0x00000000d6680000,0x00000000d6800000)
 ParOldGen       total 68608K, used 36874K [0x0000000080000000, 0x0000000084300000, 0x00000000d5580000)
  object space 68608K, 53% used [0x0000000080000000,0x00000000824029d0,0x0000000084300000)
 Metaspace       used 49066K, committed 50432K, reserved 1114112K
  class space    used 5327K, committed 5952K, reserved 1048576K
}
Event: 30.589 GC heap after
{Heap after GC invocations=27 (full 2):
 PSYoungGen      total 17408K, used 1504K [0x00000000d5580000, 0x00000000d6a00000, 0x0000000100000000)
  eden space 15872K, 0% used [0x00000000d5580000,0x00000000d5580000,0x00000000d6500000)
  from space 1536K, 97% used [0x00000000d6680000,0x00000000d67f8030,0x00000000d6800000)
  to   space 2048K, 0% used [0x00000000d6800000,0x00000000d6800000,0x00000000d6a00000)
 ParOldGen       total 68608K, used 37424K [0x0000000080000000, 0x0000000084300000, 0x00000000d5580000)
  object space 68608K, 54% used [0x0000000080000000,0x000000008248c380,0x0000000084300000)
 Metaspace       used 49066K, committed 50432K, reserved 1114112K
  class space    used 5327K, committed 5952K, reserved 1048576K
}
Event: 30.655 GC heap before
{Heap before GC invocations=28 (full 2):
 PSYoungGen      total 17408K, used 17376K [0x00000000d5580000, 0x00000000d6a00000, 0x0000000100000000)
  eden space 15872K, 100% used [0x00000000d5580000,0x00000000d6500000,0x00000000d6500000)
  from space 1536K, 97% used [0x00000000d6680000,0x00000000d67f8030,0x00000000d6800000)
  to   space 2048K, 0% used [0x00000000d6800000,0x00000000d6800000,0x00000000d6a00000)
 ParOldGen       total 68608K, used 37424K [0x0000000080000000, 0x0000000084300000, 0x00000000d5580000)
  object space 68608K, 54% used [0x0000000080000000,0x000000008248c380,0x0000000084300000)
 Metaspace       used 49082K, committed 50496K, reserved 1114112K
  class space    used 5329K, committed 5952K, reserved 1048576K
}
Event: 30.658 GC heap after
{Heap after GC invocations=28 (full 2):
 PSYoungGen      total 17408K, used 1472K [0x00000000d5580000, 0x00000000d6980000, 0x0000000100000000)
  eden space 15872K, 0% used [0x00000000d5580000,0x00000000d5580000,0x00000000d6500000)
  from space 1536K, 95% used [0x00000000d6800000,0x00000000d6970010,0x00000000d6980000)
  to   space 2048K, 0% used [0x00000000d6580000,0x00000000d6580000,0x00000000d6780000)
 ParOldGen       total 68608K, used 38917K [0x0000000080000000, 0x0000000084300000, 0x00000000d5580000)
  object space 68608K, 56% used [0x0000000080000000,0x0000000082601708,0x0000000084300000)
 Metaspace       used 49082K, committed 50496K, reserved 1114112K
  class space    used 5329K, committed 5952K, reserved 1048576K
}

Dll operation events (10 events):
Event: 0.032 Loaded shared library c:\Users\Dell\.vscode\extensions\redhat.java-1.53.0-win32-x64\jre\21.0.10-win32-x86_64\bin\java.dll
Event: 0.295 Loaded shared library c:\Users\Dell\.vscode\extensions\redhat.java-1.53.0-win32-x64\jre\21.0.10-win32-x86_64\bin\zip.dll
Event: 0.331 Loaded shared library C:\Users\Dell\.vscode\extensions\redhat.java-1.53.0-win32-x64\jre\21.0.10-win32-x86_64\bin\instrument.dll
Event: 0.342 Loaded shared library C:\Users\Dell\.vscode\extensions\redhat.java-1.53.0-win32-x64\jre\21.0.10-win32-x86_64\bin\net.dll
Event: 0.349 Loaded shared library C:\Users\Dell\.vscode\extensions\redhat.java-1.53.0-win32-x64\jre\21.0.10-win32-x86_64\bin\nio.dll
Event: 0.372 Loaded shared library C:\Users\Dell\.vscode\extensions\redhat.java-1.53.0-win32-x64\jre\21.0.10-win32-x86_64\bin\zip.dll
Event: 0.406 Loaded shared library C:\Users\Dell\.vscode\extensions\redhat.java-1.53.0-win32-x64\jre\21.0.10-win32-x86_64\bin\jimage.dll
Event: 1.329 Loaded shared library c:\Users\Dell\.vscode\extensions\redhat.java-1.53.0-win32-x64\jre\21.0.10-win32-x86_64\bin\verify.dll
Event: 12.423 Loaded shared library C:\Users\Dell\AppData\Roaming\Code\User\globalStorage\redhat.java\1.53.0\config_win\org.eclipse.equinox.launcher\org.eclipse.equinox.launcher.win32.win32.x86_64_1.3.0.v20260203-2149\eclipse_11919.dll
Event: 24.402 Loaded shared library C:\Users\Dell\AppData\Local\Temp\jna-2126305\jna5646791197053613397.dll

Deoptimization events (20 events):
Event: 30.599 Thread 0x00000278f9aba900 Uncommon trap: trap_request=0xffffff45 fr.pc=0x00000278e7578094 relative=0x0000000000000074
Event: 30.599 Thread 0x00000278f9aba900 Uncommon trap: reason=unstable_if action=reinterpret pc=0x00000278e7578094 method=java.lang.StringConcatHelper.mix(JLjava/lang/String;)J @ 13 c2
Event: 30.599 Thread 0x00000278f9aba900 DEOPT PACKING pc=0x00000278e7578094 sp=0x000000beba0fe280
Event: 30.599 Thread 0x00000278f9aba900 DEOPT UNPACKING pc=0x00000278e6d86da2 sp=0x000000beba0fe200 mode 2
Event: 30.599 Thread 0x00000278f9aba900 Uncommon trap: trap_request=0xffffff45 fr.pc=0x00000278e7445b70 relative=0x0000000000000150
Event: 30.599 Thread 0x00000278f9aba900 Uncommon trap: reason=unstable_if action=reinterpret pc=0x00000278e7445b70 method=java.lang.StringConcatHelper.prepend(J[BLjava/lang/String;)J @ 13 c2
Event: 30.599 Thread 0x00000278f9aba900 DEOPT PACKING pc=0x00000278e7445b70 sp=0x000000beba0fe1d0
Event: 30.599 Thread 0x00000278f9aba900 DEOPT UNPACKING pc=0x00000278e6d86da2 sp=0x000000beba0fe180 mode 2
Event: 30.599 Thread 0x00000278f9aba900 Uncommon trap: trap_request=0xffffff45 fr.pc=0x00000278e7459e60 relative=0x00000000000000c0
Event: 30.599 Thread 0x00000278f9aba900 Uncommon trap: reason=unstable_if action=reinterpret pc=0x00000278e7459e60 method=java.lang.StringConcatHelper.newString([BJ)Ljava/lang/String; @ 3 c2
Event: 30.599 Thread 0x00000278f9aba900 DEOPT PACKING pc=0x00000278e7459e60 sp=0x000000beba0fe320
Event: 30.599 Thread 0x00000278f9aba900 DEOPT UNPACKING pc=0x00000278e6d86da2 sp=0x000000beba0fe2a8 mode 2
Event: 30.639 Thread 0x00000278f9abe410 Uncommon trap: trap_request=0xffffff45 fr.pc=0x00000278e76002ec relative=0x000000000000126c
Event: 30.639 Thread 0x00000278f9abe410 Uncommon trap: reason=unstable_if action=reinterpret pc=0x00000278e76002ec method=org.eclipse.jdt.internal.core.util.Util.splitOn(CLjava/lang/String;II)[Ljava/lang/String; @ 21 c2
Event: 30.639 Thread 0x00000278f9abe410 DEOPT PACKING pc=0x00000278e76002ec sp=0x000000beba1fd600
Event: 30.639 Thread 0x00000278f9abe410 DEOPT UNPACKING pc=0x00000278e6d86da2 sp=0x000000beba1fd5c8 mode 2
Event: 30.693 Thread 0x00000278f9abe410 Uncommon trap: trap_request=0xffffff76 fr.pc=0x00000278e7601de8 relative=0x0000000000000448
Event: 30.693 Thread 0x00000278f9abe410 Uncommon trap: reason=predicate action=maybe_recompile pc=0x00000278e7601de8 method=java.util.ArrayList.equalsRange(Ljava/util/List;II)Z @ 31 c2
Event: 30.693 Thread 0x00000278f9abe410 DEOPT PACKING pc=0x00000278e7601de8 sp=0x000000beba1fd910
Event: 30.693 Thread 0x00000278f9abe410 DEOPT UNPACKING pc=0x00000278e6d86da2 sp=0x000000beba1fd898 mode 2

Classes loaded (20 events):
Event: 29.322 Loading class sun/nio/ch/FileChannelImpl$Unmapper done
Event: 29.322 Loading class sun/nio/ch/FileChannelImpl$DefaultUnmapper done
Event: 29.322 Loading class sun/nio/ch/Util$4
Event: 29.323 Loading class sun/nio/ch/Util$4 done
Event: 29.372 Loading class java/nio/file/ClosedDirectoryStreamException
Event: 29.372 Loading class java/nio/file/ClosedDirectoryStreamException done
Event: 29.372 Loading class jdk/internal/jrtfs/JrtFileSystem
Event: 29.373 Loading class jdk/internal/jrtfs/JrtFileSystem done
Event: 29.373 Loading class jdk/internal/jrtfs/JrtPath
Event: 29.374 Loading class jdk/internal/jrtfs/JrtPath done
Event: 29.374 Loading class jdk/internal/jimage/ImageReader$Node
Event: 29.379 Loading class jdk/internal/jimage/ImageReader$Node done
Event: 29.392 Loading class java/nio/ByteBufferAsIntBufferL
Event: 29.395 Loading class java/nio/ByteBufferAsIntBufferL done
Event: 29.401 Loading class jdk/internal/jimage/ImageReader$Directory
Event: 29.401 Loading class jdk/internal/jimage/ImageReader$Directory done
Event: 30.593 Loading class java/lang/Throwable$WrappedPrintWriter
Event: 30.593 Loading class java/lang/Throwable$PrintStreamOrWriter
Event: 30.593 Loading class java/lang/Throwable$PrintStreamOrWriter done
Event: 30.593 Loading class java/lang/Throwable$WrappedPrintWriter done

Classes unloaded (7 events):
Event: 25.148 Thread 0x00000278dc6beb60 Unloading class 0x00000278811a5000 'java/lang/invoke/LambdaForm$MH+0x00000278811a5000'
Event: 25.148 Thread 0x00000278dc6beb60 Unloading class 0x00000278811a4c00 'java/lang/invoke/LambdaForm$MH+0x00000278811a4c00'
Event: 25.148 Thread 0x00000278dc6beb60 Unloading class 0x00000278811a4800 'java/lang/invoke/LambdaForm$MH+0x00000278811a4800'
Event: 25.148 Thread 0x00000278dc6beb60 Unloading class 0x00000278811a4400 'java/lang/invoke/LambdaForm$MH+0x00000278811a4400'
Event: 25.148 Thread 0x00000278dc6beb60 Unloading class 0x00000278811a4000 'java/lang/invoke/LambdaForm$BMH+0x00000278811a4000'
Event: 25.148 Thread 0x00000278dc6beb60 Unloading class 0x00000278811a3c00 'java/lang/invoke/LambdaForm$DMH+0x00000278811a3c00'
Event: 25.148 Thread 0x00000278dc6beb60 Unloading class 0x00000278811a2800 'java/lang/invoke/LambdaForm$DMH+0x00000278811a2800'

Classes redefined (0 events):
No events

Internal exceptions (20 events):
Event: 28.922 Thread 0x00000278f9aba900 Exception <a 'sun/nio/fs/WindowsException'{0x00000000d63797e8}> (0x00000000d63797e8) 
thrown [s\src\hotspot\share\prims\jni.cpp, line 520]
Event: 28.922 Thread 0x00000278f9aba900 Exception <a 'sun/nio/fs/WindowsException'{0x00000000d637d640}> (0x00000000d637d640) 
thrown [s\src\hotspot\share\prims\jni.cpp, line 520]
Event: 28.923 Thread 0x00000278f9aba900 Exception <a 'sun/nio/fs/WindowsException'{0x00000000d63813b0}> (0x00000000d63813b0) 
thrown [s\src\hotspot\share\prims\jni.cpp, line 520]
Event: 28.923 Thread 0x00000278f9aba900 Exception <a 'sun/nio/fs/WindowsException'{0x00000000d6385e18}> (0x00000000d6385e18) 
thrown [s\src\hotspot\share\prims\jni.cpp, line 520]
Event: 28.954 Thread 0x00000278f9f64060 Exception <a 'sun/nio/fs/WindowsException'{0x00000000d558a520}> (0x00000000d558a520) 
thrown [s\src\hotspot\share\prims\jni.cpp, line 520]
Event: 28.954 Thread 0x00000278f9f64060 Exception <a 'sun/nio/fs/WindowsException'{0x00000000d558ab60}> (0x00000000d558ab60) 
thrown [s\src\hotspot\share\prims\jni.cpp, line 520]
Event: 28.955 Thread 0x00000278f9f64060 Exception <a 'sun/nio/fs/WindowsException'{0x00000000d559d790}> (0x00000000d559d790) 
thrown [s\src\hotspot\share\prims\jni.cpp, line 520]
Event: 28.955 Thread 0x00000278f9f64060 Exception <a 'sun/nio/fs/WindowsException'{0x00000000d559ddd0}> (0x00000000d559ddd0) 
thrown [s\src\hotspot\share\prims\jni.cpp, line 520]
Event: 29.161 Thread 0x00000278f9f65410 Implicit null exception at 0x00000278e73ecd62 to 0x00000278e73edac8
Event: 29.185 Thread 0x00000278f9abe410 Exception <a 'java/io/FileNotFoundException'{0x00000000d5d80e90}> (0x00000000d5d80e90) 
thrown [s\src\hotspot\share\prims\jni.cpp, line 520]
Event: 29.185 Thread 0x00000278f9abe410 Exception <a 'java/io/FileNotFoundException'{0x00000000d5d82378}> (0x00000000d5d82378) 
thrown [s\src\hotspot\share\prims\jni.cpp, line 520]
Event: 29.185 Thread 0x00000278f9abe410 Exception <a 'java/io/FileNotFoundException'{0x00000000d5d83380}> (0x00000000d5d83380) 
thrown [s\src\hotspot\share\prims\jni.cpp, line 520]
Event: 29.207 Thread 0x00000278f9abe410 Exception <a 'sun/nio/fs/WindowsException'{0x00000000d5e912c0}> (0x00000000d5e912c0) 
thrown [s\src\hotspot\share\prims\jni.cpp, line 520]
Event: 29.207 Thread 0x00000278f9abe410 Exception <a 'sun/nio/fs/WindowsException'{0x00000000d5e91b88}> (0x00000000d5e91b88) 
thrown [s\src\hotspot\share\prims\jni.cpp, line 520]
Event: 29.208 Thread 0x00000278f9abe410 Exception <a 'sun/nio/fs/WindowsException'{0x00000000d5e929d0}> (0x00000000d5e929d0) 
thrown [s\src\hotspot\share\prims\jni.cpp, line 520]
Event: 29.208 Thread 0x00000278f9abe410 Exception <a 'sun/nio/fs/WindowsException'{0x00000000d5e93010}> (0x00000000d5e93010) 
thrown [s\src\hotspot\share\prims\jni.cpp, line 520]
Event: 29.266 Thread 0x00000278f9f64060 Exception <a 'java/lang/IncompatibleClassChangeError'{0x00000000d5feaac0}: Found class java.lang.Object, but interface was expected> (0x00000000d5feaac0) 
thrown [s\src\hotspot\share\interpreter\linkResolver.cpp, line 840]
Event: 29.323 Thread 0x00000278f9abe410 Implicit null exception at 0x00000278e7545d03 to 0x00000278e7545f84
Event: 29.326 Thread 0x00000278f9abe410 Exception <a 'java/lang/NoSuchMethodError'{0x00000000d62d7828}: 'java.lang.Object java.lang.invoke.DelegatingMethodHandle$Holder.reinvoke_L(java.lang.Object, int, long, java.lang.Object, java.lang.Object, int, java.lang.Object)'> (0x00000000d62d7828) 
thrown [s\src\hotspot\share\interpreter\linkResolver.cpp, line 773]
Event: 29.352 Thread 0x00000278f9f65410 Exception <a 'java/lang/NoSuchMethodError'{0x00000000d6374118}: 'java.lang.Object java.lang.invoke.DirectMethodHandle$Holder.invokeStaticInit(java.lang.Object, java.lang.Object, java.lang.Object)'> (0x00000000d6374118) 
thrown [s\src\hotspot\share\interpreter\linkResolver.cpp, line 773]

ZGC Phase Switch (0 events):
No events

VM Operations (20 events):
Event: 29.222 Executing non-safepoint VM operation: HandshakeAllThreads (Deoptimize) done
Event: 29.224 Executing non-safepoint VM operation: HandshakeAllThreads (Deoptimize)
Event: 29.224 Executing non-safepoint VM operation: HandshakeAllThreads (Deoptimize) done
Event: 29.264 Executing non-safepoint VM operation: HandshakeAllThreads (Deoptimize)
Event: 29.264 Executing non-safepoint VM operation: HandshakeAllThreads (Deoptimize) done
Event: 29.268 Executing non-safepoint VM operation: HandshakeAllThreads (Deoptimize)
Event: 29.268 Executing non-safepoint VM operation: HandshakeAllThreads (Deoptimize) done
Event: 29.351 Executing non-safepoint VM operation: HandshakeAllThreads (Deoptimize)
Event: 29.371 Executing non-safepoint VM operation: HandshakeAllThreads (Deoptimize) done
Event: 29.397 Executing non-safepoint VM operation: HandshakeAllThreads (Deoptimize)
Event: 29.397 Executing non-safepoint VM operation: HandshakeAllThreads (Deoptimize) done
Event: 29.436 Executing safepoint VM operation: ParallelGCFailedAllocation (Allocation Failure)
Event: 29.438 Executing safepoint VM operation: ParallelGCFailedAllocation (Allocation Failure) done
Event: 29.464 Executing non-safepoint VM operation: HandshakeAllThreads (Deoptimize)
Event: 29.464 Executing non-safepoint VM operation: HandshakeAllThreads (Deoptimize) done
Event: 29.585 Executing safepoint VM operation: ParallelGCFailedAllocation (Allocation Failure)
Event: 30.589 Executing safepoint VM operation: ParallelGCFailedAllocation (Allocation Failure) done
Event: 30.655 Executing safepoint VM operation: ParallelGCFailedAllocation (Allocation Failure)
Event: 30.658 Executing safepoint VM operation: ParallelGCFailedAllocation (Allocation Failure) done
Event: 31.667 Executing safepoint VM operation: Cleanup

Memory protections (0 events):
No events

Nmethod flushes (20 events):
Event: 26.464 Thread 0x00000278dc6beb60 flushing  nmethod 0x00000278dfe2c610
Event: 26.464 Thread 0x00000278dc6beb60 flushing  nmethod 0x00000278dfe2cf10
Event: 26.464 Thread 0x00000278dc6beb60 flushing  nmethod 0x00000278dfe2e110
Event: 26.464 Thread 0x00000278dc6beb60 flushing  nmethod 0x00000278dfe2e910
Event: 26.464 Thread 0x00000278dc6beb60 flushing  nmethod 0x00000278dfe2f090
Event: 26.464 Thread 0x00000278dc6beb60 flushing  nmethod 0x00000278dfe30610
Event: 26.464 Thread 0x00000278dc6beb60 flushing  nmethod 0x00000278dfe30b10
Event: 26.464 Thread 0x00000278dc6beb60 flushing  nmethod 0x00000278dfe32510
Event: 26.464 Thread 0x00000278dc6beb60 flushing  nmethod 0x00000278dfe32990
Event: 26.464 Thread 0x00000278dc6beb60 flushing  nmethod 0x00000278dfe32e90
Event: 26.464 Thread 0x00000278dc6beb60 flushing  nmethod 0x00000278dfe35090
Event: 26.464 Thread 0x00000278dc6beb60 flushing  nmethod 0x00000278dfe55190
Event: 26.464 Thread 0x00000278dc6beb60 flushing  nmethod 0x00000278dfe60090
Event: 26.464 Thread 0x00000278dc6beb60 flushing  nmethod 0x00000278dfe6fa10
Event: 26.464 Thread 0x00000278dc6beb60 flushing  nmethod 0x00000278dfe71390
Event: 26.464 Thread 0x00000278dc6beb60 flushing  nmethod 0x00000278dfeb2110
Event: 26.464 Thread 0x00000278dc6beb60 flushing  nmethod 0x00000278dff0c310
Event: 26.464 Thread 0x00000278dc6beb60 flushing  nmethod 0x00000278dff24990
Event: 26.464 Thread 0x00000278dc6beb60 flushing  nmethod 0x00000278dff24e10
Event: 26.464 Thread 0x00000278dc6beb60 flushing  nmethod 0x00000278dff3f990

Events (20 events):
Event: 26.295 Thread 0x00000278f9aba900 Thread added: 0x00000278f9abe410
Event: 26.341 Thread 0x00000278dc5fe480 Thread added: 0x00000278f9abeaa0
Event: 26.341 Thread 0x00000278dc5fe480 Thread added: 0x00000278f9abb620
Event: 26.341 Thread 0x00000278dc5fe480 Thread added: 0x00000278f9abf130
Event: 26.342 Thread 0x00000278dc5fe480 Thread added: 0x00000278f9abf7c0
Event: 26.342 Thread 0x00000278dc5fe480 Thread added: 0x00000278f9abc340
Event: 26.342 Thread 0x00000278dc5fe480 Thread added: 0x00000278f9abfe50
Event: 26.342 Thread 0x00000278dc5fe480 Thread added: 0x00000278f9ac1200
Event: 26.342 Thread 0x00000278dc5fe480 Thread added: 0x00000278f9ac04e0
Event: 26.342 Thread 0x00000278dc5fe480 Thread added: 0x00000278f9ac0b70
Event: 26.369 Thread 0x00000278dc5fe480 Thread added: 0x00000278f9f64d80
Event: 26.605 Thread 0x00000278dc5fe480 Thread added: 0x00000278f9f674e0
Event: 26.605 Thread 0x00000278dc5fe480 Thread added: 0x00000278f9f64060
Event: 26.963 Thread 0x00000278f9abdd80 Thread added: 0x00000278f9f67b70
Event: 26.964 Thread 0x00000278f9abdd80 Thread added: 0x00000278f9f65aa0
Event: 26.964 Thread 0x00000278f9f67b70 Thread added: 0x00000278f9f65410
Event: 26.964 Thread 0x00000278f9f65aa0 Thread added: 0x00000278f9f66e50
Event: 26.964 Thread 0x00000278f9f65410 Thread added: 0x00000278f9f66130
Event: 26.964 Thread 0x00000278f9f66e50 Thread added: 0x00000278f9f667c0
Event: 26.965 Thread 0x00000278f9f66130 Thread added: 0x00000278f9f646f0


Dynamic libraries:
0x00007ff699b10000 - 0x00007ff699b1e000 	c:\Users\Dell\.vscode\extensions\redhat.java-1.53.0-win32-x64\jre\21.0.10-win32-x86_64\bin\java.exe
0x00007ffb440a0000 - 0x00007ffb44307000 	C:\WINDOWS\SYSTEM32\ntdll.dll
0x00007ffb41f50000 - 0x00007ffb42019000 	C:\WINDOWS\System32\KERNEL32.DLL
0x00007ffb40da0000 - 0x00007ffb41191000 	C:\WINDOWS\System32\KERNELBASE.dll
0x00007ffb41a40000 - 0x00007ffb41b8b000 	C:\WINDOWS\System32\ucrtbase.dll
0x00007ffaf5150000 - 0x00007ffaf5168000 	c:\Users\Dell\.vscode\extensions\redhat.java-1.53.0-win32-x64\jre\21.0.10-win32-x86_64\bin\jli.dll
0x00007ffb43180000 - 0x00007ffb43345000 	C:\WINDOWS\System32\USER32.dll
0x00007ffb41a10000 - 0x00007ffb41a37000 	C:\WINDOWS\System32\win32u.dll
0x00007ffaf50e0000 - 0x00007ffaf50fe000 	c:\Users\Dell\.vscode\extensions\redhat.java-1.53.0-win32-x64\jre\21.0.10-win32-x86_64\bin\VCRUNTIME140.dll
0x00007ffb41e40000 - 0x00007ffb41e6b000 	C:\WINDOWS\System32\GDI32.dll
0x00007ffb22ec0000 - 0x00007ffb23153000 	C:\WINDOWS\WinSxS\amd64_microsoft.windows.common-controls_6595b64144ccf1df_6.0.26100.8037_none_3e092faae333b53b\COMCTL32.dll
0x00007ffb43490000 - 0x00007ffb43539000 	C:\WINDOWS\System32\msvcrt.dll
0x00007ffb40c70000 - 0x00007ffb40d9b000 	C:\WINDOWS\System32\gdi32full.dll
0x00007ffb41c20000 - 0x00007ffb41cc3000 	C:\WINDOWS\System32\msvcp_win.dll
0x00007ffb43450000 - 0x00007ffb43481000 	C:\WINDOWS\System32\IMM32.DLL
0x00007ffb23740000 - 0x00007ffb2374c000 	c:\Users\Dell\.vscode\extensions\redhat.java-1.53.0-win32-x64\jre\21.0.10-win32-x86_64\bin\vcruntime140_1.dll
0x00007ffa3f840000 - 0x00007ffa3f8cd000 	c:\Users\Dell\.vscode\extensions\redhat.java-1.53.0-win32-x64\jre\21.0.10-win32-x86_64\bin\msvcp140.dll
0x00007ffa3d7a0000 - 0x00007ffa3e541000 	c:\Users\Dell\.vscode\extensions\redhat.java-1.53.0-win32-x64\jre\21.0.10-win32-x86_64\bin\server\jvm.dll
0x00007ffb41e90000 - 0x00007ffb41f4b000 	C:\WINDOWS\System32\ADVAPI32.dll
0x00007ffb437d0000 - 0x00007ffb43877000 	C:\WINDOWS\System32\sechost.dll
0x00007ffb43540000 - 0x00007ffb43658000 	C:\WINDOWS\System32\RPCRT4.dll
0x00007ffb433d0000 - 0x00007ffb43444000 	C:\WINDOWS\System32\WS2_32.dll
0x00007ffb40800000 - 0x00007ffb4085e000 	C:\WINDOWS\SYSTEM32\POWRPROF.dll
0x00007ffb34380000 - 0x00007ffb343b5000 	C:\WINDOWS\SYSTEM32\WINMM.dll
0x00007ffb2ea10000 - 0x00007ffb2ea1b000 	C:\WINDOWS\SYSTEM32\VERSION.dll
0x00007ffb407e0000 - 0x00007ffb407f4000 	C:\WINDOWS\SYSTEM32\UMPDC.dll
0x00007ffb3f6f0000 - 0x00007ffb3f70b000 	C:\WINDOWS\SYSTEM32\kernel.appcore.dll
0x00007ffb23720000 - 0x00007ffb2372a000 	c:\Users\Dell\.vscode\extensions\redhat.java-1.53.0-win32-x64\jre\21.0.10-win32-x86_64\bin\jimage.dll
0x00007ffb3e880000 - 0x00007ffb3eac2000 	C:\WINDOWS\SYSTEM32\DBGHELP.DLL
0x00007ffb42a40000 - 0x00007ffb42dc2000 	C:\WINDOWS\System32\combase.dll
0x00007ffb42f20000 - 0x00007ffb42ff7000 	C:\WINDOWS\System32\OLEAUT32.dll
0x00007ffb1d060000 - 0x00007ffb1d09b000 	C:\WINDOWS\SYSTEM32\dbgcore.DLL
0x00007ffb41cd0000 - 0x00007ffb41d75000 	C:\WINDOWS\System32\bcryptPrimitives.dll
0x00007ffb1ec20000 - 0x00007ffb1ec2f000 	c:\Users\Dell\.vscode\extensions\redhat.java-1.53.0-win32-x64\jre\21.0.10-win32-x86_64\bin\instrument.dll
0x00007ffaef280000 - 0x00007ffaef2a0000 	c:\Users\Dell\.vscode\extensions\redhat.java-1.53.0-win32-x64\jre\21.0.10-win32-x86_64\bin\java.dll
0x00007ffb422d0000 - 0x00007ffb42a2f000 	C:\WINDOWS\System32\SHELL32.dll
0x00007ffb40980000 - 0x00007ffb40aea000 	C:\WINDOWS\System32\wintypes.dll
0x00007ffb411a0000 - 0x00007ffb41a04000 	C:\WINDOWS\System32\windows.storage.dll
0x00007ffb43080000 - 0x00007ffb43177000 	C:\WINDOWS\System32\SHCORE.dll
0x00007ffb42200000 - 0x00007ffb42267000 	C:\WINDOWS\System32\shlwapi.dll
0x00007ffb408a0000 - 0x00007ffb408c9000 	C:\WINDOWS\SYSTEM32\profapi.dll
0x00007ffaecc50000 - 0x00007ffaecc68000 	c:\Users\Dell\.vscode\extensions\redhat.java-1.53.0-win32-x64\jre\21.0.10-win32-x86_64\bin\zip.dll
0x00007ffb1e630000 - 0x00007ffb1e640000 	C:\Users\Dell\.vscode\extensions\redhat.java-1.53.0-win32-x64\jre\21.0.10-win32-x86_64\bin\net.dll
0x00007ffb3a300000 - 0x00007ffb3a427000 	C:\WINDOWS\SYSTEM32\WINHTTP.dll
0x00007ffb3fc80000 - 0x00007ffb3fceb000 	C:\WINDOWS\system32\mswsock.dll
0x00007ffaec910000 - 0x00007ffaec926000 	C:\Users\Dell\.vscode\extensions\redhat.java-1.53.0-win32-x64\jre\21.0.10-win32-x86_64\bin\nio.dll
0x00007ffb1bb00000 - 0x00007ffb1bb10000 	c:\Users\Dell\.vscode\extensions\redhat.java-1.53.0-win32-x64\jre\21.0.10-win32-x86_64\bin\verify.dll
0x00007ffaf0ea0000 - 0x00007ffaf0ee5000 	C:\Users\Dell\AppData\Roaming\Code\User\globalStorage\redhat.java\1.53.0\config_win\org.eclipse.equinox.launcher\org.eclipse.equinox.launcher.win32.win32.x86_64_1.3.0.v20260203-2149\eclipse_11919.dll
0x00007ffb43ec0000 - 0x00007ffb44055000 	C:\WINDOWS\System32\ole32.dll
0x00007ffb3ff60000 - 0x00007ffb3ff7b000 	C:\WINDOWS\SYSTEM32\CRYPTSP.dll
0x00007ffb3f650000 - 0x00007ffb3f689000 	C:\WINDOWS\system32\rsaenh.dll
0x00007ffb3fd30000 - 0x00007ffb3fd62000 	C:\WINDOWS\SYSTEM32\USERENV.dll
0x00007ffb40870000 - 0x00007ffb4089a000 	C:\WINDOWS\SYSTEM32\bcrypt.dll
0x00007ffb3ff80000 - 0x00007ffb3ff8c000 	C:\WINDOWS\SYSTEM32\CRYPTBASE.dll
0x00007ffb3f0c0000 - 0x00007ffb3f0f3000 	C:\WINDOWS\SYSTEM32\IPHLPAPI.DLL
0x00007ffb439f0000 - 0x00007ffb439fa000 	C:\WINDOWS\System32\NSI.dll
0x00007ffae2f30000 - 0x00007ffae2f79000 	C:\Users\Dell\AppData\Local\Temp\jna-2126305\jna5646791197053613397.dll
0x00007ffb437c0000 - 0x00007ffb437c8000 	C:\WINDOWS\System32\PSAPI.DLL
0x00007ffb3a470000 - 0x00007ffb3a48d000 	C:\WINDOWS\SYSTEM32\dhcpcsvc6.DLL
0x00007ffb3a210000 - 0x00007ffb3a233000 	C:\WINDOWS\SYSTEM32\dhcpcsvc.DLL

JVMTI agents:
c:\Users\Dell\.vscode\extensions\redhat.java-1.53.0-win32-x64\lombok\lombok-1.18.39-4050.jar path:c:\Users\Dell\.vscode\extensions\redhat.java-1.53.0-win32-x64\jre\21.0.10-win32-x86_64\bin\instrument.dll, loaded, initialized, instrumentlib options:none

dbghelp: loaded successfully - version: 4.0.5 - missing functions: none
symbol engine: initialized successfully - sym options: 0x614 - pdb path: .;c:\Users\Dell\.vscode\extensions\redhat.java-1.53.0-win32-x64\jre\21.0.10-win32-x86_64\bin;C:\WINDOWS\SYSTEM32;C:\WINDOWS\WinSxS\amd64_microsoft.windows.common-controls_6595b64144ccf1df_6.0.26100.8037_none_3e092faae333b53b;c:\Users\Dell\.vscode\extensions\redhat.java-1.53.0-win32-x64\jre\21.0.10-win32-x86_64\bin\server;C:\Users\Dell\AppData\Roaming\Code\User\globalStorage\redhat.java\1.53.0\config_win\org.eclipse.equinox.launcher\org.eclipse.equinox.launcher.win32.win32.x86_64_1.3.0.v20260203-2149;C:\Users\Dell\AppData\Local\Temp\jna-2126305

VM Arguments:
jvm_args: --add-modules=ALL-SYSTEM --add-opens=java.base/java.util=ALL-UNNAMED --add-opens=java.base/java.lang=ALL-UNNAMED --add-opens=java.base/sun.nio.fs=ALL-UNNAMED -Declipse.application=org.eclipse.jdt.ls.core.id1 -Dosgi.bundles.defaultStartLevel=4 -Declipse.product=org.eclipse.jdt.ls.core.product -Djava.import.generatesMetadataFilesAtProjectRoot=false -DDetectVMInstallationsJob.disabled=true -Dfile.encoding=utf8 -XX:+UseParallelGC -XX:GCTimeRatio=4 -XX:AdaptiveSizePolicyWeight=90 -Dsun.zip.disableMemoryMapping=true -Xmx2G -Xms100m -Xlog:disable -javaagent:c:\Users\Dell\.vscode\extensions\redhat.java-1.53.0-win32-x64\lombok\lombok-1.18.39-4050.jar -XX:+HeapDumpOnOutOfMemoryError -XX:HeapDumpPath=c:\Users\Dell\AppData\Roaming\Code\User\workspaceStorage\4dd5fbf2fe62070c68fdf6db2ffd8257\redhat.java -Daether.dependencyCollector.impl=bf 
java_command: c:\Users\Dell\.vscode\extensions\redhat.java-1.53.0-win32-x64\server\plugins\org.eclipse.equinox.launcher_1.7.100.v20251111-0406.jar -configuration c:\Users\Dell\AppData\Roaming\Code\User\globalStorage\redhat.java\1.53.0\config_win -data c:\Users\Dell\AppData\Roaming\Code\User\workspaceStorage\4dd5fbf2fe62070c68fdf6db2ffd8257\redhat.java\jdt_ws --pipe=\\.\pipe\lsp-ba77e71c0ee45ffd5276dd4f6cb1fdce-sock
java_class_path (initial): c:\Users\Dell\.vscode\extensions\redhat.java-1.53.0-win32-x64\server\plugins\org.eclipse.equinox.launcher_1.7.100.v20251111-0406.jar
Launcher Type: SUN_STANDARD

[Global flags]
    uintx AdaptiveSizePolicyWeight                 = 90                                        {product} {command line}
     intx CICompilerCount                          = 4                                         {product} {ergonomic}
    uintx GCTimeRatio                              = 4                                         {product} {command line}
     bool HeapDumpOnOutOfMemoryError               = true                                   {manageable} {command line}
    ccstr HeapDumpPath                             = c:\Users\Dell\AppData\Roaming\Code\User\workspaceStorage\4dd5fbf2fe62070c68fdf6db2ffd8257\redhat.java         {manageable} {command line}
   size_t InitialHeapSize                          = 104857600                                 {product} {command line}
   size_t MaxHeapSize                              = 2147483648                                {product} {command line}
   size_t MaxNewSize                               = 715653120                                 {product} {ergonomic}
   size_t MinHeapDeltaBytes                        = 524288                                    {product} {ergonomic}
   size_t MinHeapSize                              = 104857600                                 {product} {command line}
   size_t NewSize                                  = 34603008                                  {product} {ergonomic}
    uintx NonNMethodCodeHeapSize                   = 5839372                                {pd product} {ergonomic}
    uintx NonProfiledCodeHeapSize                  = 122909434                              {pd product} {ergonomic}
   size_t OldSize                                  = 70254592                                  {product} {ergonomic}
    uintx ProfiledCodeHeapSize                     = 122909434                              {pd product} {ergonomic}
    uintx ReservedCodeCacheSize                    = 251658240                              {pd product} {ergonomic}
     bool SegmentedCodeCache                       = true                                      {product} {ergonomic}
   size_t SoftMaxHeapSize                          = 2147483648                             {manageable} {ergonomic}
     bool UseCompressedOops                        = true                           {product lp64_product} {ergonomic}
     bool UseLargePagesIndividualAllocation        = false                                  {pd product} {ergonomic}
     bool UseParallelGC                            = true                                      {product} {command line}

Logging:
Log output configuration:
 #0: stdout all=off uptime,level,tags foldmultilines=false
 #1: stderr all=off uptime,level,tags foldmultilines=false

Release file:
JAVA_VERSION="21.0.10" 
MODULES="java.base java.compiler java.datatransfer java.xml java.prefs java.desktop java.instrument java.logging java.management java.security.sasl java.naming java.rmi java.management.rmi java.net.http java.scripting java.security.jgss java.transaction.xa java.sql java.sql.rowset java.xml.crypto java.se java.smartcardio jdk.accessibility jdk.internal.jvmstat jdk.attach jdk.charsets jdk.internal.opt jdk.zipfs jdk.compiler jdk.crypto.ec jdk.crypto.cryptoki jdk.crypto.mscapi jdk.dynalink jdk.internal.ed jdk.editpad jdk.hotspot.agent jdk.httpserver jdk.internal.le jdk.internal.vm.ci jdk.internal.vm.compiler jdk.internal.vm.compiler.management jdk.jartool jdk.javadoc jdk.jcmd jdk.management jdk.management.agent jdk.jconsole jdk.jdeps jdk.jdwp.agent jdk.jdi jdk.jfr jdk.jshell jdk.jsobject jdk.jstatd jdk.localedata jdk.management.jfr jdk.naming.dns jdk.naming.rmi jdk.net jdk.nio.mapmode jdk.random jdk.sctp jdk.security.auth jdk.security.jgss jdk.unsupported jdk.unsupported.desktop jdk.xml.dom" 

Environment Variables:
PATH=C:\Users\Dell\AppData\Local\Programs\Microsoft VS Code;C:\Program Files\Common Files\Oracle\Java\javapath;C:\WINDOWS\system32;C:\WINDOWS;C:\WINDOWS\System32\Wbem;C:\WINDOWS\System32\WindowsPowerShell\v1.0\;C:\WINDOWS\System32\OpenSSH\;C:\Program Files (x86)\Microsoft SQL Server\160\Tools\Binn\;C:\Program Files\Microsoft SQL Server\160\Tools\Binn\;C:\Program Files\Microsoft SQL Server\Client SDK\ODBC\170\Tools\Binn\;C:\Program Files\Microsoft SQL Server\160\DTS\Binn\;C:\Program Files (x86)\Microsoft SQL Server\160\DTS\Binn\;C:\Program Files\Microsoft SQL Server\150\Tools\Binn\;E:\Git\cmd;C:\Program Files\dotnet\;C:\Program Files (x86)\Windows Kits\10\Windows Performance Toolkit\;C:\Program Files\nodejs\;C:\Users\Dell\AppData\Local\Programs\Python\Python313\Scripts\;C:\Users\Dell\AppData\Local\Programs\Python\Python313\;C:\Users\Dell\AppData\Local\Microsoft\WindowsApps;C:\Users\Dell\.dotnet\tools;C:\Users\Dell\AppData\Local\Programs\Microsoft VS Code\bin;C:\Users\Dell\AppData\Roaming\npm
USERNAME=Dell
OS=Windows_NT
PROCESSOR_IDENTIFIER=Intel64 Family 6 Model 140 Stepping 2, GenuineIntel
TMP=C:\Users\Dell\AppData\Local\Temp
TEMP=C:\Users\Dell\AppData\Local\Temp




Periodic native trim disabled

---------------  S Y S T E M  ---------------

OS:
 Windows 11 , 64 bit Build 26100 (10.0.26100.7920)
OS uptime: 5 days 23:57 hours
Hyper-V role detected

CPU: total 8 (initial active 8) (4 cores per cpu, 2 threads per core) family 6 model 140 stepping 2 microcode 0x3c, cx8, cmov, fxsr, ht, mmx, 3dnowpref, sse, sse2, sse3, ssse3, sse4.1, sse4.2, popcnt, lzcnt, tsc, tscinvbit, avx, avx2, aes, erms, clmul, bmi1, bmi2, adx, avx512f, avx512dq, avx512cd, avx512bw, avx512vl, sha, fma, vzeroupper, avx512_vpopcntdq, avx512_vpclmulqdq, avx512_vaes, avx512_vnni, clflush, clflushopt, clwb, avx512_vbmi2, avx512_vbmi, hv, rdtscp, rdpid, fsrm, gfni, avx512_bitalg, f16c, cet_ibt, cet_ss, avx512_ifma
Processor Information for the first 8 processors :
  Max Mhz: 2496, Current Mhz: 2496, Mhz Limit: 2496

Memory: 4k page, system-wide physical 7930M (559M free)
TotalPageFile size 19901M (AvailPageFile size 9M)
current process WorkingSet (physical memory assigned to process): 229M, peak: 229M
current process commit charge ("private bytes"): 336M, peak: 337M

vm_info: OpenJDK 64-Bit Server VM (21.0.10+7-LTS) for windows-amd64 JRE (21.0.10+7-LTS), built on 2026-01-20T00:00:00Z by "admin" with MS VC++ 17.12 (VS2022)

END.
